<?xml version="1.0" encoding="utf-8"?><testsuites><testsuite name="pytest" errors="0" failures="3" skipped="0" tests="36" time="45.739" timestamp="2025-07-06T19:45:54.337728" hostname="manish-X470"><testcase classname="test_matrix" name="test_basic_functionality[block_wal_skiplist-config_path0]" time="0.126" /><testcase classname="test_matrix" name="test_basic_functionality[spdk_wal_boostmap-config_path1]" time="0.129" /><testcase classname="test_matrix" name="test_basic_functionality[block_wal_stdmap-config_path2]" time="0.139" /><testcase classname="test_matrix" name="test_basic_functionality[spdk_wal_stdmap-config_path3]" time="0.140" /><testcase classname="test_matrix" name="test_basic_functionality[block_wal_boostmap-config_path4]" time="0.137" /><testcase classname="test_matrix" name="test_basic_functionality[passthrough_wal_skiplist-config_path5]" time="2.032" /><testcase classname="test_matrix" name="test_basic_functionality[passthrough_wal_stdmap-config_path6]" time="2.031" /><testcase classname="test_matrix" name="test_basic_functionality[passthrough_wal_boostmap-config_path7]" time="2.035" /><testcase classname="test_matrix" name="test_basic_functionality[spdk_wal_skiplist-config_path8]" time="0.123" /><testcase classname="test_matrix" name="test_stress_and_latency[block_wal_skiplist-config_path0]" time="1.273" /><testcase classname="test_matrix" name="test_stress_and_latency[spdk_wal_boostmap-config_path1]" time="1.079" /><testcase classname="test_matrix" name="test_stress_and_latency[block_wal_stdmap-config_path2]" time="1.182" /><testcase classname="test_matrix" name="test_stress_and_latency[spdk_wal_stdmap-config_path3]" time="1.161" /><testcase classname="test_matrix" name="test_stress_and_latency[block_wal_boostmap-config_path4]" time="1.261" /><testcase classname="test_matrix" name="test_stress_and_latency[passthrough_wal_skiplist-config_path5]" time="3.248" /><testcase classname="test_matrix" name="test_stress_and_latency[passthrough_wal_stdmap-config_path6]" time="3.251" /><testcase classname="test_matrix" name="test_stress_and_latency[passthrough_wal_boostmap-config_path7]" time="3.253" /><testcase classname="test_matrix" name="test_stress_and_latency[spdk_wal_skiplist-config_path8]" time="1.146" /><testcase classname="test_matrix" name="test_fault_injection[block_wal_skiplist-config_path0]" time="0.300" /><testcase classname="test_matrix" name="test_fault_injection[spdk_wal_boostmap-config_path1]" time="0.300"><failure message="AssertionError: Data consistency check failed after recovery&#10;assert False">test_matrix.py:617: in test_fault_injection
    assert fault_results["data_consistency"], "Data consistency check failed after recovery"
E   AssertionError: Data consistency check failed after recovery
E   assert False</failure></testcase><testcase classname="test_matrix" name="test_fault_injection[block_wal_stdmap-config_path2]" time="0.291" /><testcase classname="test_matrix" name="test_fault_injection[spdk_wal_stdmap-config_path3]" time="0.279"><failure message="AssertionError: Data consistency check failed after recovery&#10;assert False">test_matrix.py:617: in test_fault_injection
    assert fault_results["data_consistency"], "Data consistency check failed after recovery"
E   AssertionError: Data consistency check failed after recovery
E   assert False</failure></testcase><testcase classname="test_matrix" name="test_fault_injection[block_wal_boostmap-config_path4]" time="0.290" /><testcase classname="test_matrix" name="test_fault_injection[passthrough_wal_skiplist-config_path5]" time="4.093" /><testcase classname="test_matrix" name="test_fault_injection[passthrough_wal_stdmap-config_path6]" time="4.230" /><testcase classname="test_matrix" name="test_fault_injection[passthrough_wal_boostmap-config_path7]" time="4.078" /><testcase classname="test_matrix" name="test_fault_injection[spdk_wal_skiplist-config_path8]" time="0.312"><failure message="AssertionError: Data consistency check failed after recovery&#10;assert False">test_matrix.py:617: in test_fault_injection
    assert fault_results["data_consistency"], "Data consistency check failed after recovery"
E   AssertionError: Data consistency check failed after recovery
E   assert False</failure></testcase><testcase classname="test_matrix" name="test_concurrent_clients[block_wal_skiplist-config_path0]" time="0.181" /><testcase classname="test_matrix" name="test_concurrent_clients[spdk_wal_boostmap-config_path1]" time="0.229" /><testcase classname="test_matrix" name="test_concurrent_clients[block_wal_stdmap-config_path2]" time="0.194" /><testcase classname="test_matrix" name="test_concurrent_clients[spdk_wal_stdmap-config_path3]" time="0.192" /><testcase classname="test_matrix" name="test_concurrent_clients[block_wal_boostmap-config_path4]" time="0.205" /><testcase classname="test_matrix" name="test_concurrent_clients[passthrough_wal_skiplist-config_path5]" time="2.125" /><testcase classname="test_matrix" name="test_concurrent_clients[passthrough_wal_stdmap-config_path6]" time="2.108" /><testcase classname="test_matrix" name="test_concurrent_clients[passthrough_wal_boostmap-config_path7]" time="2.219" /><testcase classname="test_matrix" name="test_concurrent_clients[spdk_wal_skiplist-config_path8]" time="0.216" /></testsuite></testsuites>