<?xml version="1.0" encoding="utf-8"?><testsuites><testsuite name="pytest" errors="0" failures="4" skipped="0" tests="36" time="44.994" timestamp="2025-07-06T19:25:44.702606" hostname="manish-X470"><testcase classname="test_matrix" name="test_basic_functionality[block_wal_skiplist-config_path0]" time="0.128" /><testcase classname="test_matrix" name="test_basic_functionality[spdk_wal_boostmap-config_path1]" time="0.125" /><testcase classname="test_matrix" name="test_basic_functionality[block_wal_stdmap-config_path2]" time="0.131" /><testcase classname="test_matrix" name="test_basic_functionality[spdk_wal_stdmap-config_path3]" time="0.130" /><testcase classname="test_matrix" name="test_basic_functionality[block_wal_boostmap-config_path4]" time="0.121" /><testcase classname="test_matrix" name="test_basic_functionality[passthrough_wal_skiplist-config_path5]" time="2.046" /><testcase classname="test_matrix" name="test_basic_functionality[passthrough_wal_stdmap-config_path6]" time="2.053" /><testcase classname="test_matrix" name="test_basic_functionality[passthrough_wal_boostmap-config_path7]" time="2.043" /><testcase classname="test_matrix" name="test_basic_functionality[spdk_wal_skiplist-config_path8]" time="0.131" /><testcase classname="test_matrix" name="test_stress_and_latency[block_wal_skiplist-config_path0]" time="1.211" /><testcase classname="test_matrix" name="test_stress_and_latency[spdk_wal_boostmap-config_path1]" time="1.181" /><testcase classname="test_matrix" name="test_stress_and_latency[block_wal_stdmap-config_path2]" time="1.276" /><testcase classname="test_matrix" name="test_stress_and_latency[spdk_wal_stdmap-config_path3]" time="1.155" /><testcase classname="test_matrix" name="test_stress_and_latency[block_wal_boostmap-config_path4]" time="1.211" /><testcase classname="test_matrix" name="test_stress_and_latency[passthrough_wal_skiplist-config_path5]" time="3.180" /><testcase classname="test_matrix" name="test_stress_and_latency[passthrough_wal_stdmap-config_path6]" time="3.112" /><testcase classname="test_matrix" name="test_stress_and_latency[passthrough_wal_boostmap-config_path7]" time="3.157" /><testcase classname="test_matrix" name="test_stress_and_latency[spdk_wal_skiplist-config_path8]" time="1.141" /><testcase classname="test_matrix" name="test_fault_injection[block_wal_skiplist-config_path0]" time="0.279"><failure message="AssertionError: Data consistency check failed after recovery&#10;assert False">test_matrix.py:617: in test_fault_injection
    assert fault_results["data_consistency"], "Data consistency check failed after recovery"
E   AssertionError: Data consistency check failed after recovery
E   assert False</failure></testcase><testcase classname="test_matrix" name="test_fault_injection[spdk_wal_boostmap-config_path1]" time="0.288"><failure message="AssertionError: Data consistency check failed after recovery&#10;assert False">test_matrix.py:617: in test_fault_injection
    assert fault_results["data_consistency"], "Data consistency check failed after recovery"
E   AssertionError: Data consistency check failed after recovery
E   assert False</failure></testcase><testcase classname="test_matrix" name="test_fault_injection[block_wal_stdmap-config_path2]" time="0.285" /><testcase classname="test_matrix" name="test_fault_injection[spdk_wal_stdmap-config_path3]" time="0.304"><failure message="AssertionError: Data consistency check failed after recovery&#10;assert False">test_matrix.py:617: in test_fault_injection
    assert fault_results["data_consistency"], "Data consistency check failed after recovery"
E   AssertionError: Data consistency check failed after recovery
E   assert False</failure></testcase><testcase classname="test_matrix" name="test_fault_injection[block_wal_boostmap-config_path4]" time="0.288" /><testcase classname="test_matrix" name="test_fault_injection[passthrough_wal_skiplist-config_path5]" time="3.970" /><testcase classname="test_matrix" name="test_fault_injection[passthrough_wal_stdmap-config_path6]" time="3.894" /><testcase classname="test_matrix" name="test_fault_injection[passthrough_wal_boostmap-config_path7]" time="4.105" /><testcase classname="test_matrix" name="test_fault_injection[spdk_wal_skiplist-config_path8]" time="0.295"><failure message="AssertionError: Data consistency check failed after recovery&#10;assert False">test_matrix.py:617: in test_fault_injection
    assert fault_results["data_consistency"], "Data consistency check failed after recovery"
E   AssertionError: Data consistency check failed after recovery
E   assert False</failure></testcase><testcase classname="test_matrix" name="test_concurrent_clients[block_wal_skiplist-config_path0]" time="0.191" /><testcase classname="test_matrix" name="test_concurrent_clients[spdk_wal_boostmap-config_path1]" time="0.214" /><testcase classname="test_matrix" name="test_concurrent_clients[block_wal_stdmap-config_path2]" time="0.209" /><testcase classname="test_matrix" name="test_concurrent_clients[spdk_wal_stdmap-config_path3]" time="0.189" /><testcase classname="test_matrix" name="test_concurrent_clients[block_wal_boostmap-config_path4]" time="0.206" /><testcase classname="test_matrix" name="test_concurrent_clients[passthrough_wal_skiplist-config_path5]" time="2.112" /><testcase classname="test_matrix" name="test_concurrent_clients[passthrough_wal_stdmap-config_path6]" time="2.181" /><testcase classname="test_matrix" name="test_concurrent_clients[passthrough_wal_boostmap-config_path7]" time="2.070" /><testcase classname="test_matrix" name="test_concurrent_clients[spdk_wal_skiplist-config_path8]" time="0.208" /></testsuite></testsuites>