<?xml version="1.0" encoding="utf-8"?><testsuites><testsuite name="pytest" errors="0" failures="4" skipped="0" tests="40" time="49.820" timestamp="2025-07-07T00:25:28.464162" hostname="manish-X470"><testcase classname="test_matrix" name="test_basic_functionality[block_wal_skiplist-config_path0]" time="0.129" /><testcase classname="test_matrix" name="test_basic_functionality[spdk_wal_nvme0n1-config_path1]" time="0.125" /><testcase classname="test_matrix" name="test_basic_functionality[spdk_wal_boostmap-config_path2]" time="0.122" /><testcase classname="test_matrix" name="test_basic_functionality[block_wal_stdmap-config_path3]" time="0.124" /><testcase classname="test_matrix" name="test_basic_functionality[spdk_wal_stdmap-config_path4]" time="0.130" /><testcase classname="test_matrix" name="test_basic_functionality[block_wal_boostmap-config_path5]" time="0.134" /><testcase classname="test_matrix" name="test_basic_functionality[passthrough_wal_skiplist-config_path6]" time="2.206" /><testcase classname="test_matrix" name="test_basic_functionality[passthrough_wal_stdmap-config_path7]" time="2.255" /><testcase classname="test_matrix" name="test_basic_functionality[passthrough_wal_boostmap-config_path8]" time="2.147" /><testcase classname="test_matrix" name="test_basic_functionality[spdk_wal_skiplist-config_path9]" time="0.136" /><testcase classname="test_matrix" name="test_stress_and_latency[block_wal_skiplist-config_path0]" time="1.293" /><testcase classname="test_matrix" name="test_stress_and_latency[spdk_wal_nvme0n1-config_path1]" time="1.168" /><testcase classname="test_matrix" name="test_stress_and_latency[spdk_wal_boostmap-config_path2]" time="1.157" /><testcase classname="test_matrix" name="test_stress_and_latency[block_wal_stdmap-config_path3]" time="1.227" /><testcase classname="test_matrix" name="test_stress_and_latency[spdk_wal_stdmap-config_path4]" time="1.210" /><testcase classname="test_matrix" name="test_stress_and_latency[block_wal_boostmap-config_path5]" time="1.174" /><testcase classname="test_matrix" name="test_stress_and_latency[passthrough_wal_skiplist-config_path6]" time="3.317" /><testcase classname="test_matrix" name="test_stress_and_latency[passthrough_wal_stdmap-config_path7]" time="3.280" /><testcase classname="test_matrix" name="test_stress_and_latency[passthrough_wal_boostmap-config_path8]" time="3.366" /><testcase classname="test_matrix" name="test_stress_and_latency[spdk_wal_skiplist-config_path9]" time="1.161" /><testcase classname="test_matrix" name="test_fault_injection[block_wal_skiplist-config_path0]" time="0.309" /><testcase classname="test_matrix" name="test_fault_injection[spdk_wal_nvme0n1-config_path1]" time="0.274"><failure message="AssertionError: Data consistency check failed after recovery&#10;assert False">test_matrix.py:633: in test_fault_injection
    assert fault_results["data_consistency"], "Data consistency check failed after recovery"
E   AssertionError: Data consistency check failed after recovery
E   assert False</failure></testcase><testcase classname="test_matrix" name="test_fault_injection[spdk_wal_boostmap-config_path2]" time="0.289"><failure message="AssertionError: Data consistency check failed after recovery&#10;assert False">test_matrix.py:633: in test_fault_injection
    assert fault_results["data_consistency"], "Data consistency check failed after recovery"
E   AssertionError: Data consistency check failed after recovery
E   assert False</failure></testcase><testcase classname="test_matrix" name="test_fault_injection[block_wal_stdmap-config_path3]" time="0.292" /><testcase classname="test_matrix" name="test_fault_injection[spdk_wal_stdmap-config_path4]" time="0.284"><failure message="AssertionError: Data consistency check failed after recovery&#10;assert False">test_matrix.py:633: in test_fault_injection
    assert fault_results["data_consistency"], "Data consistency check failed after recovery"
E   AssertionError: Data consistency check failed after recovery
E   assert False</failure></testcase><testcase classname="test_matrix" name="test_fault_injection[block_wal_boostmap-config_path5]" time="0.289" /><testcase classname="test_matrix" name="test_fault_injection[passthrough_wal_skiplist-config_path6]" time="4.527" /><testcase classname="test_matrix" name="test_fault_injection[passthrough_wal_stdmap-config_path7]" time="4.446" /><testcase classname="test_matrix" name="test_fault_injection[passthrough_wal_boostmap-config_path8]" time="4.461" /><testcase classname="test_matrix" name="test_fault_injection[spdk_wal_skiplist-config_path9]" time="0.300"><failure message="AssertionError: Data consistency check failed after recovery&#10;assert False">test_matrix.py:633: in test_fault_injection
    assert fault_results["data_consistency"], "Data consistency check failed after recovery"
E   AssertionError: Data consistency check failed after recovery
E   assert False</failure></testcase><testcase classname="test_matrix" name="test_concurrent_clients[block_wal_skiplist-config_path0]" time="0.204" /><testcase classname="test_matrix" name="test_concurrent_clients[spdk_wal_nvme0n1-config_path1]" time="0.186" /><testcase classname="test_matrix" name="test_concurrent_clients[spdk_wal_boostmap-config_path2]" time="0.197" /><testcase classname="test_matrix" name="test_concurrent_clients[block_wal_stdmap-config_path3]" time="0.192" /><testcase classname="test_matrix" name="test_concurrent_clients[spdk_wal_stdmap-config_path4]" time="0.199" /><testcase classname="test_matrix" name="test_concurrent_clients[block_wal_boostmap-config_path5]" time="0.217" /><testcase classname="test_matrix" name="test_concurrent_clients[passthrough_wal_skiplist-config_path6]" time="2.324" /><testcase classname="test_matrix" name="test_concurrent_clients[passthrough_wal_stdmap-config_path7]" time="2.302" /><testcase classname="test_matrix" name="test_concurrent_clients[passthrough_wal_boostmap-config_path8]" time="2.305" /><testcase classname="test_matrix" name="test_concurrent_clients[spdk_wal_skiplist-config_path9]" time="0.195" /></testsuite></testsuites>